<?xml version="1.0" encoding="UTF-8" ?>
<testsuite errors="0" failures="0" hostname="showandtell.home" name="tests.DeclarationTools" tests="4" time="0.116" timestamp="2012-05-16T10:14:52">
  <properties>
[...]
</properties>
  <testcase classname="tests.DeclarationTools" name="_file_Loading" time="0.0030" />
  <testcase classname="tests.DeclarationTools" name="check_isDeclaration" time="0.0" />
  <testcase classname="tests.DeclarationTools" name="check_isArray" time="0.0" />
  <testcase classname="tests.DeclarationTools" name="check_get_size" time="0.0" />
  <system-out><![CDATA[

The Program Blocks Representation

 
(1) int A [10]
(2) x := 1
(3) y := 2
(4) z := 5
(5) x := z * x
(6) y := y + x
(7) x :=  - x
(8) y := y * z
(9) A [ 4 ]  := x - 3 - 4 + 5 - 6
(10) z := z - 1
(11) z > 0
(12) z < 10
(13) x := z + 1
(14) y := z * z


Forward edges Representation

 
(1) int A [10]	-->	(2)	x := 1
(2) x := 1	-->	(3)	y := 2
(3) y := 2	-->	(4)	z := 5
(4) z := 5	-->	(12)	z < 10
(5) x := z * x	-->	(6)	y := y + x
(6) y := y + x	-->	(12)	z < 10
(7) x :=  - x	-->	(8)	y := y * z
(8) y := y * z	-->	(9)	A [ 4 ]  := x - 3 - 4 + 5 - 6
(9) A [ 4 ]  := x - 3 - 4 + 5 - 6	-->	(10)	z := z - 1
(10) z := z - 1	-->	(12)	z < 10
(11) z > 0	-->	(5)	x := z * x	(7)	x :=  - x
(12) z < 10	-->	(11)	z > 0	(13)	x := z + 1
(13) x := z + 1	-->	(14)	y := z * z
(14) y := z * z	-->


Backward edges nodes Representation

 
(1) int A [10]	-->
(2) x := 1	-->	(1)	int A [10]
(3) y := 2	-->	(2)	x := 1
(4) z := 5	-->	(3)	y := 2
(5) x := z * x	-->	(11)	z > 0
(6) y := y + x	-->	(5)	x := z * x	(11)	z > 0
(7) x :=  - x	-->	(11)	z > 0
(8) y := y * z	-->	(7)	x :=  - x	(11)	z > 0
(9) A [ 4 ]  := x - 3 - 4 + 5 - 6	-->	(8)	y := y * z	(11)	z > 0
(10) z := z - 1	-->	(9)	A [ 4 ]  := x - 3 - 4 + 5 - 6	(11)	z > 0
(11) z > 0	-->	(12)	z < 10
(12) z < 10	-->	(6)	y := y + x	(10)	z := z - 1	(4)	z := 5
(13) x := z + 1	-->	(12)	z < 10
(14) y := z * z	-->	(13)	x := z + 1


Checking the isDeclarationBlock() on block int A [10]
PASSED
 
Checking the isArray() on block int A [10] - Expected true, returned true
PASSED
 
Checking the getSize() on block int A [10] - Expected 10, returned 10
PASSED
 
]]></system-out>
  <system-err><![CDATA[]]></system-err>
</testsuite>
