<?xml version="1.0" encoding="UTF-8" ?>
<testsuite errors="0" failures="0" hostname="showandtell.home" name="tests.AllTests_Francesco" tests="34" time="0.182" timestamp="2012-05-16T10:14:51">
  <properties>
[...]
</properties>
  <testcase classname="tests.InputValidation" name="missingFile" time="0.016" />
  <testcase classname="tests.InputValidation" name="badSyntaxProgram" time="0.022" />
  <testcase classname="tests.InputValidation" name="FrancescoWorkbench" time="0.0020" />
  <testcase classname="tests.InputValidation" name="arrayHandling" time="0.0030" />
  <testcase classname="tests.ModelValidator" name="_file_Loading" time="0.0010" />
  <testcase classname="tests.ModelValidator" name="checkRightPreviousAssignmentSearchAlgorithms" time="0.0010" />
  <testcase classname="tests.ModelValidator" name="checkRightNextsAssignmentSearchAlgorithms" time="0.0010" />
  <testcase classname="tests.ModelValidator" name="checkImmediatePreviousBlocks" time="0.0" />
  <testcase classname="tests.ModelValidator" name="checkImmediateNextsBlocks" time="0.0010" />
  <testcase classname="tests.ModelValidator" name="checkImmediatePreviouses_Post_If_Blocks" time="0.0" />
  <testcase classname="tests.ModelValidator" name="checkImmediateNextIfBlocks" time="0.0" />
  <testcase classname="tests.ModelValidator" name="checkImmediatePreviousesWhile_from_after_Blocks" time="0.0" />
  <testcase classname="tests.ModelValidator" name="checkLeftArray" time="0.0" />
  <testcase classname="tests.ModelValidator" name="checkLeftMultipleArray" time="0.0010" />
  <testcase classname="tests.ModelValidator" name="checkRightArray" time="0.0" />
  <testcase classname="tests.ModelValidator" name="checkRightMultipleArray" time="0.0" />
  <testcase classname="tests.ModelValidator" name="checkAllBlocks" time="0.0" />
  <testcase classname="tests.ModelValidator" name="checkImmediateNexBlocks" time="0.0010" />
  <testcase classname="tests.ExpressionTools" name="_file_Loading" time="0.0010" />
  <testcase classname="tests.ExpressionTools" name="check_is_identifier" time="0.0" />
  <testcase classname="tests.ExpressionTools" name="check_isRecursiveExpression" time="0.0" />
  <testcase classname="tests.ExpressionTools" name="check_isConstant" time="0.0" />
  <testcase classname="tests.ExpressionTools" name="check_to_string" time="0.0010" />
  <testcase classname="tests.ExpressionTools" name="check_getIndex" time="0.0010" />
  <testcase classname="tests.ExpressionTools" name="check_involvesArray" time="0.0" />
  <testcase classname="tests.ExpressionTools" name="check_is_there_negative_inside" time="0.0" />
  <testcase classname="tests.ExpressionTools" name="check_get_negative_inside" time="0.0" />
  <testcase classname="tests.ExpressionTools" name="check_get_positive_inside" time="0.0" />
  <testcase classname="tests.ExpressionTools" name="check_is_direct_negative_1" time="0.0" />
  <testcase classname="tests.ExpressionTools" name="check_is_direct_negative_2" time="0.0" />
  <testcase classname="tests.DeclarationTools" name="_file_Loading" time="0.0020" />
  <testcase classname="tests.DeclarationTools" name="check_isDeclaration" time="0.0" />
  <testcase classname="tests.DeclarationTools" name="check_isArray" time="0.0" />
  <testcase classname="tests.DeclarationTools" name="check_get_size" time="0.0" />
  <system-out><![CDATA[Tree: 
   int
      x
      4
   :=
      x
         y
            4
      z
         4
   :=
      y
         +
            z
               +
                  3
                  *
                     4
                     12
            4
      r
         2345
Finished : 


The Program Blocks Representation

 
(1) int x [4]
(2) x [ y [ 4 ]  ]  := z [ 4 ] 
(3) y [ z [ 3 + 4 * 12 ]  + 4 ]  := r [ 2345 ] 


Forward edges Representation

 
(1) int x [4]	-->	(2)	x [ y [ 4 ]  ]  := z [ 4 ] 
(2) x [ y [ 4 ]  ]  := z [ 4 ] 	-->	(3)	y [ z [ 3 + 4 * 12 ]  + 4 ]  := r [ 2345 ] 
(3) y [ z [ 3 + 4 * 12 ]  + 4 ]  := r [ 2345 ] 	-->


Backward edges nodes Representation

 
(1) int x [4]	-->
(2) x [ y [ 4 ]  ]  := z [ 4 ] 	-->	(1)	int x [4]
(3) y [ z [ 3 + 4 * 12 ]  + 4 ]  := r [ 2345 ] 	-->	(2)	x [ y [ 4 ]  ]  := z [ 4 ] 


Present Arrays: [y [ z [ 3 + 4 * 12 ]  + 4 ]  := r [ 2345 ] , x [ y [ 4 ]  ]  := z [ 4 ] ]
Present Arrays with variable x: [x [ y [ 4 ]  ]  := z [ 4 ] ]


The Program Blocks Representation

 
(1) int A [10]
(2) x := 1
(3) y := 2
(4) z := 5
(5) x := z * x
(6) y := y + x
(7) x :=  - x
(8) y := y * z
(9) A [ 4 ]  := x - 3 - 4 + 5 - 6
(10) z := z - 1
(11) z > 0
(12) z < 10
(13) x := z + 1
(14) y := z * z


Forward edges Representation

 
(1) int A [10]	-->	(2)	x := 1
(2) x := 1	-->	(3)	y := 2
(3) y := 2	-->	(4)	z := 5
(4) z := 5	-->	(12)	z < 10
(5) x := z * x	-->	(6)	y := y + x
(6) y := y + x	-->	(12)	z < 10
(7) x :=  - x	-->	(8)	y := y * z
(8) y := y * z	-->	(9)	A [ 4 ]  := x - 3 - 4 + 5 - 6
(9) A [ 4 ]  := x - 3 - 4 + 5 - 6	-->	(10)	z := z - 1
(10) z := z - 1	-->	(12)	z < 10
(11) z > 0	-->	(5)	x := z * x	(7)	x :=  - x
(12) z < 10	-->	(11)	z > 0	(13)	x := z + 1
(13) x := z + 1	-->	(14)	y := z * z
(14) y := z * z	-->


Backward edges nodes Representation

 
(1) int A [10]	-->
(2) x := 1	-->	(1)	int A [10]
(3) y := 2	-->	(2)	x := 1
(4) z := 5	-->	(3)	y := 2
(5) x := z * x	-->	(11)	z > 0
(6) y := y + x	-->	(5)	x := z * x	(11)	z > 0
(7) x :=  - x	-->	(11)	z > 0
(8) y := y * z	-->	(7)	x :=  - x	(11)	z > 0
(9) A [ 4 ]  := x - 3 - 4 + 5 - 6	-->	(8)	y := y * z	(11)	z > 0
(10) z := z - 1	-->	(9)	A [ 4 ]  := x - 3 - 4 + 5 - 6	(11)	z > 0
(11) z > 0	-->	(12)	z < 10
(12) z < 10	-->	(6)	y := y + x	(10)	z := z - 1	(4)	z := 5
(13) x := z + 1	-->	(12)	z < 10
(14) y := z * z	-->	(13)	x := z + 1


Previous x from 14 - Right : [x :=  - x, y := y + x, A [ 4 ]  := x - 3 - 4 + 5 - 6, x := z * x]
Nexts x from 1 - Right : [y := y + x, x := z * x, A [ 4 ]  := x - 3 - 4 + 5 - 6, x :=  - x]
Immediate previous from z < 10 - : [y := y + x, z := z - 1, z := 5]
Immediate previous from z > 0 - : [x := z * x, x :=  - x]
Immediate previous from if z < 10 - : [y := y + x, z := z - 1, z := 5]
Immediate nexts from z > 0 - which is before if : [x := z * x, x :=  - x]
Immediate previous from z > 0, going to while - : [z < 10]
Immediate previous from x := z + 1, going to while - : [z < 10]
Number of blocks: 14
Nexts from 1 - Left : [x := z * x, x := 1, x := z + 1, x :=  - x]
Nexts from 1 - Right : [x := z * x, A [ 4 ]  := x - 3 - 4 + 5 - 6, y := y + x, x :=  - x]
Previous from y := z * z - Left : [x := z * x, x := 1, x := z + 1, x :=  - x]
Previous from y := z * z - Right : [x := z * x, A [ 4 ]  := x - 3 - 4 + 5 - 6, y := y + x, x :=  - x]
Immediate previous from x :=  - x : [z > 0]
Immediate nexts from x :=  - x : [y := y * z]


The Program Blocks Representation

 
(1) int A [10]
(2) x := 1
(3) y := 2
(4) z := 5
(5) x := z * x
(6) y := y + x
(7) x :=  - x
(8) y := y * z
(9) A [ 4 ]  := x - 3 - 4 + 5 - 6
(10) z := z - 1
(11) z > 0
(12) z < 10
(13) x := z + 1
(14) y := z * z


Forward edges Representation

 
(1) int A [10]	-->	(2)	x := 1
(2) x := 1	-->	(3)	y := 2
(3) y := 2	-->	(4)	z := 5
(4) z := 5	-->	(12)	z < 10
(5) x := z * x	-->	(6)	y := y + x
(6) y := y + x	-->	(12)	z < 10
(7) x :=  - x	-->	(8)	y := y * z
(8) y := y * z	-->	(9)	A [ 4 ]  := x - 3 - 4 + 5 - 6
(9) A [ 4 ]  := x - 3 - 4 + 5 - 6	-->	(10)	z := z - 1
(10) z := z - 1	-->	(12)	z < 10
(11) z > 0	-->	(5)	x := z * x	(7)	x :=  - x
(12) z < 10	-->	(11)	z > 0	(13)	x := z + 1
(13) x := z + 1	-->	(14)	y := z * z
(14) y := z * z	-->


Backward edges nodes Representation

 
(1) int A [10]	-->
(2) x := 1	-->	(1)	int A [10]
(3) y := 2	-->	(2)	x := 1
(4) z := 5	-->	(3)	y := 2
(5) x := z * x	-->	(11)	z > 0
(6) y := y + x	-->	(5)	x := z * x	(11)	z > 0
(7) x :=  - x	-->	(11)	z > 0
(8) y := y * z	-->	(7)	x :=  - x	(11)	z > 0
(9) A [ 4 ]  := x - 3 - 4 + 5 - 6	-->	(8)	y := y * z	(11)	z > 0
(10) z := z - 1	-->	(9)	A [ 4 ]  := x - 3 - 4 + 5 - 6	(11)	z > 0
(11) z > 0	-->	(12)	z < 10
(12) z < 10	-->	(6)	y := y + x	(10)	z := z - 1	(4)	z := 5
(13) x := z + 1	-->	(12)	z < 10
(14) y := z * z	-->	(13)	x := z + 1


Checking the isIdentifier() on 9th block. 
PASSED
 
Checking isRecursiveExpression() on 9th block. 
PASSED
 
Checking isConstant() on y := 2 block. 
PASSED
 
Checking the toString() on 9th block. 
PASSED
Checking get_index() on 9th block. 
PASSED
 
Checking involvesArray() on A [ 4 ]  := x - 3 - 4 + 5 - 6 block. 
PASSED
 
Is there negative in x - 3 - 4 + 5 - 6 : returned true [expected true]
The negaive elements in x - 3 - 4 + 5 - 6 : returned [3, 4 + 5, 6] [expected 3 elements]
PASSED
 
The negaive elements in x - 3 - 4 + 5 - 6 : returned [3, 4 + 5, 6] [expected 3 elements]
PASSED
 
The negative elements in x - 3 - 4 + 5 - 6 : returned falseandtrue [expected 3 elements]
PASSED
 
The negative elements in  - x : returned true [expected 3 elements]
PASSED
 


The Program Blocks Representation

 
(1) int A [10]
(2) x := 1
(3) y := 2
(4) z := 5
(5) x := z * x
(6) y := y + x
(7) x :=  - x
(8) y := y * z
(9) A [ 4 ]  := x - 3 - 4 + 5 - 6
(10) z := z - 1
(11) z > 0
(12) z < 10
(13) x := z + 1
(14) y := z * z


Forward edges Representation

 
(1) int A [10]	-->	(2)	x := 1
(2) x := 1	-->	(3)	y := 2
(3) y := 2	-->	(4)	z := 5
(4) z := 5	-->	(12)	z < 10
(5) x := z * x	-->	(6)	y := y + x
(6) y := y + x	-->	(12)	z < 10
(7) x :=  - x	-->	(8)	y := y * z
(8) y := y * z	-->	(9)	A [ 4 ]  := x - 3 - 4 + 5 - 6
(9) A [ 4 ]  := x - 3 - 4 + 5 - 6	-->	(10)	z := z - 1
(10) z := z - 1	-->	(12)	z < 10
(11) z > 0	-->	(5)	x := z * x	(7)	x :=  - x
(12) z < 10	-->	(11)	z > 0	(13)	x := z + 1
(13) x := z + 1	-->	(14)	y := z * z
(14) y := z * z	-->


Backward edges nodes Representation

 
(1) int A [10]	-->
(2) x := 1	-->	(1)	int A [10]
(3) y := 2	-->	(2)	x := 1
(4) z := 5	-->	(3)	y := 2
(5) x := z * x	-->	(11)	z > 0
(6) y := y + x	-->	(5)	x := z * x	(11)	z > 0
(7) x :=  - x	-->	(11)	z > 0
(8) y := y * z	-->	(7)	x :=  - x	(11)	z > 0
(9) A [ 4 ]  := x - 3 - 4 + 5 - 6	-->	(8)	y := y * z	(11)	z > 0
(10) z := z - 1	-->	(9)	A [ 4 ]  := x - 3 - 4 + 5 - 6	(11)	z > 0
(11) z > 0	-->	(12)	z < 10
(12) z < 10	-->	(6)	y := y + x	(10)	z := z - 1	(4)	z := 5
(13) x := z + 1	-->	(12)	z < 10
(14) y := z * z	-->	(13)	x := z + 1


Checking the isDeclarationBlock() on block int A [10]
PASSED
 
Checking the isArray() on block int A [10] - Expected true, returned true
PASSED
 
Checking the getSize() on block int A [10] - Expected 10, returned 10
PASSED
 
]]></system-out>
  <system-err><![CDATA[]]></system-err>
</testsuite>
